[debug] [2022-10-27T13:11:22.210Z] ----------------------------------------------------------------------
[debug] [2022-10-27T13:11:22.211Z] Command:       C:\Program Files\nodejs\node.exe C:\Users\afzal\AppData\Roaming\npm\node_modules\firebase-tools\lib\bin\firebase.js init
[debug] [2022-10-27T13:11:22.212Z] CLI Version:   11.14.4
[debug] [2022-10-27T13:11:22.212Z] Platform:      win32
[debug] [2022-10-27T13:11:22.212Z] Node Version:  v18.9.0
[debug] [2022-10-27T13:11:22.213Z] Time:          Thu Oct 27 2022 19:11:22 GMT+0600 (Bangladesh Standard Time)
[debug] [2022-10-27T13:11:22.213Z] ----------------------------------------------------------------------
[debug] 
[debug] [2022-10-27T13:11:22.216Z] >>> [apiv2][query] GET https://firebase-public.firebaseio.com/cli.json [none]
[debug] [2022-10-27T13:11:22.246Z] > command requires scopes: ["email","openid","https://www.googleapis.com/auth/cloudplatformprojects.readonly","https://www.googleapis.com/auth/firebase","https://www.googleapis.com/auth/cloud-platform"]
[debug] [2022-10-27T13:11:22.247Z] > authorizing via signed-in user (afzalsharif623@gmail.com)
[info] 
     ######## #### ########  ######## ########     ###     ######  ########
     ##        ##  ##     ## ##       ##     ##  ##   ##  ##       ##
     ######    ##  ########  ######   ########  #########  ######  ######
     ##        ##  ##    ##  ##       ##     ## ##     ##       ## ##
     ##       #### ##     ## ######## ########  ##     ##  ######  ########

You're about to initialize a Firebase project in this directory:

  E:\Assignment Projects\Assignment-10\Programmology

[debug] [2022-10-27T13:11:23.141Z] <<< [apiv2][status] GET https://firebase-public.firebaseio.com/cli.json 200
[debug] [2022-10-27T13:11:23.141Z] <<< [apiv2][body] GET https://firebase-public.firebaseio.com/cli.json {"cloudBuildErrorAfter":1594252800000,"cloudBuildWarnAfter":1590019200000,"defaultNode10After":1594252800000,"minVersion":"3.0.5","node8DeploysDisabledAfter":1613390400000,"node8RuntimeDisabledAfter":1615809600000,"node8WarnAfter":1600128000000}
